#0 building with "desktop-linux" instance using docker driver

#1 [internal] load build definition from Dockerfile
#1 transferring dockerfile: 1.34kB done
#1 DONE 0.0s

#2 [internal] load metadata for docker.io/library/php:8.1
#2 ...

#3 [auth] library/php:pull token for registry-1.docker.io
#3 DONE 0.0s

#2 [internal] load metadata for docker.io/library/php:8.1
#2 DONE 2.7s

#4 [internal] load .dockerignore
#4 transferring context: 2B done
#4 DONE 0.0s

#5 [1/5] FROM docker.io/library/php:8.1@sha256:9afd9606be5728475e3a8b8bcdc0feabe535882b0d6b3b54dece0aaa0a1a323f
#5 DONE 0.0s

#6 [internal] load build context
#6 transferring context: 67B done
#6 DONE 0.0s

#7 [2/5] COPY ./conf.d /usr/local/etc/php/conf.d
#7 CACHED

#8 [3/5] RUN apt-get update -qq -y   && apt-get install -q -y --no-install-recommends bash git curl unzip sudo lsb-release gnupg openssh-client   && apt-get -q clean autoclean   && apt-get -q autoremove --yes   && rm -rf /var/lib/apt/lists/*
#8 CACHED

#9 [4/5] RUN curl -sSLf         -o /usr/local/bin/install-php-extensions         https://github.com/mlocati/docker-php-extension-installer/releases/latest/download/install-php-extensions   && chmod +x /usr/local/bin/install-php-extensions   && docker-php-ext-enable opcache   && IPE_GD_WITHOUTAVIF=1; IPE_ICU_EN_ONLY=1; IPE_SKIP_CHECK=1; IPE_DEBUG=0 install-php-extensions gd pdo_mysql pdo_pgsql intl zip bz2 pcntl exif bcmath xdebug   && apt-get clean autoclean   && apt-get autoremove --yes   && rm -rf /var/lib/apt/lists/*
#9 CACHED

#10 [5/5] RUN curl --silent --show-error https://getcomposer.org/installer | php -- --install-dir=/usr/local/bin --filename=composer   && composer global require "laravel/envoy"   && apt-get clean autoclean   && apt-get autoremove --yes   && rm -rf /var/lib/apt/lists/*
#10 CACHED

#11 exporting to image
#11 exporting layers done
#11 writing image sha256:5df29ae703a6734bf17b2179c6e7ef7912c7499b52df60f5c4de836a88b3e0f4 done
#11 naming to docker.io/sean1999/base-php-ci:8.1 done
#11 DONE 0.0s

View build details: docker-desktop://dashboard/build/desktop-linux/desktop-linux/bcnkzcjznu4m7xsvt3zkw6y5o

What's Next?
  View a summary of image vulnerabilities and recommendations → docker scout quickview
