#0 building with "desktop-linux" instance using docker driver

#1 [internal] load build definition from Dockerfile
#1 transferring dockerfile: 954B done
#1 DONE 0.0s

#2 [internal] load metadata for docker.io/sean1999/base-php-ci:8.2
#2 DONE 0.0s

#3 [internal] load .dockerignore
#3 transferring context: 2B done
#3 DONE 0.0s

#4 [1/3] FROM docker.io/sean1999/base-php-ci:8.2
#4 DONE 0.0s

#5 [2/3] RUN curl -o- https://raw.githubusercontent.com/nvm-sh/nvm/v0.39.7/install.sh | bash   && . /root/.nvm/nvm.sh   && nvm install 22   && nvm alias default 22   && nvm use default   && nvm cache clear   && apt-get clean autoclean   && apt-get autoremove --yes   && rm -rf /var/lib/apt/lists/*
#5 CACHED

#6 [3/3] RUN curl -fsSL https://bun.sh/install | bash   && echo 'export PATH="$PATH:/usr/local/bun/bin"' >> ~/.bashrc   && . ~/.bashrc   && apt-get clean autoclean   && apt-get autoremove --yes   && rm -rf /var/lib/apt/lists/*
#6 CACHED

#7 exporting to image
#7 exporting layers done
#7 writing image sha256:dba85167d9e535d3509b488ec8f6c5c05dd08d76f6c5552cb5bd11dcb69f364c done
#7 naming to docker.io/sean1999/laravel-ci:8.2 done
#7 DONE 0.0s

View build details: docker-desktop://dashboard/build/desktop-linux/desktop-linux/io88glj3oee150britdnz13w2

What's Next?
  View a summary of image vulnerabilities and recommendations → docker scout quickview
