#0 building with "desktop-linux" instance using docker driver

#1 [internal] load build definition from Dockerfile
#1 transferring dockerfile: 1.34kB done
#1 DONE 0.0s

#2 [internal] load metadata for docker.io/library/php:8.3
#2 DONE 1.0s

#3 [internal] load .dockerignore
#3 transferring context: 2B done
#3 DONE 0.0s

#4 [1/5] FROM docker.io/library/php:8.3@sha256:9ed77294c3332080ebcd2f6b9a2d390565eaa4a05fc26aefff62aa9b0af9b5e9
#4 DONE 0.0s

#5 [internal] load build context
#5 transferring context: 67B done
#5 DONE 0.0s

#6 [2/5] COPY ./conf.d /usr/local/etc/php/conf.d
#6 CACHED

#7 [3/5] RUN apt-get update -qq -y   && apt-get install -q -y --no-install-recommends bash git curl unzip sudo lsb-release gnupg openssh-client   && apt-get -q clean autoclean   && apt-get -q autoremove --yes   && rm -rf /var/lib/apt/lists/*
#7 CACHED

#8 [4/5] RUN curl -sSLf         -o /usr/local/bin/install-php-extensions         https://github.com/mlocati/docker-php-extension-installer/releases/latest/download/install-php-extensions   && chmod +x /usr/local/bin/install-php-extensions   && docker-php-ext-enable opcache   && IPE_GD_WITHOUTAVIF=1; IPE_ICU_EN_ONLY=1; IPE_SKIP_CHECK=1; IPE_DEBUG=0 install-php-extensions gd pdo_mysql pdo_pgsql intl zip bz2 pcntl exif bcmath xdebug   && apt-get clean autoclean   && apt-get autoremove --yes   && rm -rf /var/lib/apt/lists/*
#8 CACHED

#9 [5/5] RUN curl --silent --show-error https://getcomposer.org/installer | php -- --install-dir=/usr/local/bin --filename=composer   && composer global require "laravel/envoy"   && apt-get clean autoclean   && apt-get autoremove --yes   && rm -rf /var/lib/apt/lists/*
#9 CACHED

#10 exporting to image
#10 exporting layers done
#10 writing image sha256:525c4671b91f9b808ca77267f3e599a8a0d96f29131aeb3d4552fc374acbca4e done
#10 naming to docker.io/sean1999/base-php-ci:8.3 done
#10 DONE 0.0s

View build details: docker-desktop://dashboard/build/desktop-linux/desktop-linux/rxf8upfqjwhd2nsu5aq5pxmyx

What's Next?
  View a summary of image vulnerabilities and recommendations → docker scout quickview
